<?xml version="1.0" encoding="UTF-8"?>
<!-- Generated by org.testng.reporters.JUnitXMLReporter -->
<testsuite ignored="0" hostname="DESKTOP-84JRECE" failures="1" tests="3" name="Test" time="13.75" errors="0" timestamp="2023-10-06T20:59:34 IST">
  <testcase classname="packtest.logintest" name="envname" time="0.007"/>
  <testcase classname="packtest.logintest" name="startBrowser" time="5.01">
    <failure type="java.lang.NullPointerException">
      <![CDATA[java.lang.NullPointerException
at packtest.logintest.startBrowser(logintest.java:35)
at java.base/java.util.ArrayList.forEach(ArrayList.java:1541)
... Removed 31 stack frames]]>
    </failure>
  </testcase> <!-- startBrowser -->
  <testcase classname="packtest.emailtest" name="emaillogin" time="8.643"/>
</testsuite> <!-- Test -->
