<?xml version="1.0" encoding="UTF-8"?>
<!-- Generated by org.testng.reporters.JUnitXMLReporter -->
<testsuite ignored="0" hostname="DESKTOP-84JRECE" failures="0" tests="3" name="Test" time="21.076" errors="0" timestamp="2023-10-07T19:01:20 IST">
  <testcase classname="packtest.logintest" name="envname" time="0.006"/>
  <testcase classname="packtest.logintest" name="startBrowser" time="13.027"/>
  <testcase classname="packtest.emailtest" name="emaillogin" time="7.981"/>
</testsuite> <!-- Test -->
