-------------------------------------------------------------------------------
Test set: TestSuite
-------------------------------------------------------------------------------
Tests run: 3, Failures: 1, Errors: 0, Skipped: 0, Time elapsed: 14.761 s <<< FAILURE! - in TestSuite
packtest.logintest.startBrowser[](1)  Time elapsed: 5.026 s  <<< FAILURE!
java.lang.NullPointerException
	at packtest.logintest.startBrowser(logintest.java:35)

