<?xml version="1.0" encoding="UTF-8"?>
<testng-results ignored="0" total="1" passed="1" failed="0" skipped="0">
  <reporter-output>
  </reporter-output>
  <suite started-at="2023-10-05T15:23:16 IST" name="Practice" finished-at="2023-10-05T15:24:07 IST" duration-ms="50265">
    <groups>
    </groups>
    <test started-at="2023-10-05T15:23:16 IST" name="Test" finished-at="2023-10-05T15:24:07 IST" duration-ms="50265">
      <class name="packtest.logintest">
        <test-method signature="startBrowser()[pri:0, instance:packtest.logintest@47d9a273]" started-at="2023-10-05T15:23:16 IST" name="startBrowser" finished-at="2023-10-05T15:24:07 IST" duration-ms="50193" status="PASS">
          <reporter-output>
          </reporter-output>
        </test-method> <!-- startBrowser -->
      </class> <!-- packtest.logintest -->
    </test> <!-- Test -->
  </suite> <!-- Practice -->
</testng-results>
