<?xml version="1.0" encoding="UTF-8"?>
<testsuite xmlns:xsi="http://www.w3.org/2001/XMLSchema-instance" xsi:noNamespaceSchemaLocation="https://maven.apache.org/surefire/maven-surefire-plugin/xsd/surefire-test-report-3.0.xsd" version="3.0" name="TestSuite" time="21.709" tests="3" errors="0" skipped="0" failures="0">
  <properties>
[...]
</properties>
  <testcase name="envname[dev](1)" classname="packtest.logintest" time="0.005">
    <system-out><![CDATA[Brower name is :dev
]]></system-out>
    <system-err><![CDATA[SLF4J: Failed to load class "org.slf4j.impl.StaticLoggerBinder".
SLF4J: Defaulting to no-operation (NOP) logger implementation
SLF4J: See http://www.slf4j.org/codes.html#StaticLoggerBinder for further details.
]]></system-err>
  </testcase>
  <testcase name="startBrowser[Chrome](1)" classname="packtest.logintest" time="13.029">
    <system-out><![CDATA[Brower name is :Chrome
]]></system-out>
  </testcase>
  <testcase name="emaillogin[sindhurayanamachintala123](1)" classname="packtest.emailtest" time="7.981"/>
</testsuite>