<?xml version="1.0" encoding="UTF-8"?>
<testng-results ignored="0" total="1" passed="1" failed="0" skipped="0">
  <reporter-output>
  </reporter-output>
  <suite started-at="2023-10-05T13:29:43 IST" name="Default suite" finished-at="2023-10-05T13:29:54 IST" duration-ms="10822">
    <groups>
    </groups>
    <test started-at="2023-10-05T13:29:43 IST" name="Default test" finished-at="2023-10-05T13:29:54 IST" duration-ms="10822">
      <class name="packtest.logintest">
        <test-method signature="startBrowser()[pri:0, instance:packtest.logintest@1ffaf86]" started-at="2023-10-05T13:29:43 IST" name="startBrowser" finished-at="2023-10-05T13:29:54 IST" duration-ms="10716" status="PASS">
          <reporter-output>
          </reporter-output>
        </test-method> <!-- startBrowser -->
      </class> <!-- packtest.logintest -->
    </test> <!-- Default test -->
  </suite> <!-- Default suite -->
</testng-results>
